  [1m[35m (0.1ms)[0m  [1m[34mSELECT sqlite_version(*)[0m
  [1m[35m (67.5ms)[0m  [1m[35mCREATE TABLE "schema_migrations" ("version" varchar NOT NULL PRIMARY KEY)[0m
  [1m[35m (75.5ms)[0m  [1m[35mCREATE TABLE "ar_internal_metadata" ("key" varchar NOT NULL PRIMARY KEY, "value" varchar, "created_at" datetime NOT NULL, "updated_at" datetime NOT NULL)[0m
  [1m[35m (0.3ms)[0m  [1m[34mSELECT "schema_migrations"."version" FROM "schema_migrations" ORDER BY "schema_migrations"."version" ASC[0m
Migrating to CreateUsers (20171217202932)
  [1m[35m (0.1ms)[0m  [1m[36mbegin transaction[0m
  [1m[35m (0.9ms)[0m  [1m[35mCREATE TABLE "users" ("id" INTEGER PRIMARY KEY AUTOINCREMENT NOT NULL, "rut" varchar NOT NULL, "name" varchar NOT NULL, "email" varchar NOT NULL, "occupation" varchar NOT NULL, "enterprice" varchar, "supervisor" varchar NOT NULL, "cost_center" varchar, "job_center" varchar, "created_at" datetime NOT NULL, "updated_at" datetime NOT NULL)[0m
  [1m[35mSQL (0.4ms)[0m  [1m[32mINSERT INTO "schema_migrations" ("version") VALUES (?)[0m  [["version", "20171217202932"]]
  [1m[35m (69.5ms)[0m  [1m[36mcommit transaction[0m
Migrating to CreateSims (20171217203130)
  [1m[35m (0.1ms)[0m  [1m[36mbegin transaction[0m
  [1m[35m (0.9ms)[0m  [1m[35mCREATE TABLE "sims" ("id" INTEGER PRIMARY KEY AUTOINCREMENT NOT NULL, "phone_number" integer NOT NULL, "last_owner" varchar DEFAULT 'first owner' NOT NULL, "type" varchar DEFAULT 'new' NOT NULL, "available" boolean DEFAULT 't' NOT NULL, "last_assign_at" datetime DEFAULT '2017-12-17 23:00:25.007896' NOT NULL, "created_at" datetime NOT NULL, "updated_at" datetime NOT NULL)[0m
  [1m[35mSQL (0.5ms)[0m  [1m[32mINSERT INTO "schema_migrations" ("version") VALUES (?)[0m  [["version", "20171217203130"]]
  [1m[35m (73.9ms)[0m  [1m[36mcommit transaction[0m
Migrating to CreateRequests (20171217203932)
  [1m[35m (0.1ms)[0m  [1m[36mbegin transaction[0m
  [1m[35m (1.0ms)[0m  [1m[35mCREATE TABLE "requests" ("id" INTEGER PRIMARY KEY AUTOINCREMENT NOT NULL, "request" varchar NOT NULL, "type" varchar NOT NULL, "contract" blob, "file" blob, "status" varchar DEFAULT 'created' NOT NULL, "comment" text, "closed_at" datetime NOT NULL, "user_id" integer, "created_at" datetime NOT NULL, "updated_at" datetime NOT NULL, CONSTRAINT "fk_rails_8ead8b1e6b"
FOREIGN KEY ("user_id")
  REFERENCES "users" ("id")
)[0m
  [1m[35m (0.4ms)[0m  [1m[35mCREATE  INDEX "index_requests_on_user_id" ON "requests" ("user_id")[0m
  [1m[35mSQL (0.6ms)[0m  [1m[32mINSERT INTO "schema_migrations" ("version") VALUES (?)[0m  [["version", "20171217203932"]]
  [1m[35m (48.4ms)[0m  [1m[36mcommit transaction[0m
Migrating to CreateBams (20171217204041)
  [1m[35m (0.2ms)[0m  [1m[36mbegin transaction[0m
  [1m[35m (1.0ms)[0m  [1m[35mCREATE TABLE "bams" ("id" INTEGER PRIMARY KEY AUTOINCREMENT NOT NULL, "model" varchar NOT NULL, "last_owner" varchar DEFAULT 'first owner' NOT NULL, "imei" text NOT NULL, "price" integer NOT NULL, "type" varchar DEFAULT 'new' NOT NULL, "available" boolean DEFAULT 't' NOT NULL, "last_assign_at" datetime DEFAULT '2017-12-17 23:00:25.149863' NOT NULL, "sim_id" integer, "created_at" datetime NOT NULL, "updated_at" datetime NOT NULL, CONSTRAINT "fk_rails_d300acfe61"
FOREIGN KEY ("sim_id")
  REFERENCES "sims" ("id")
)[0m
  [1m[35m (0.3ms)[0m  [1m[35mCREATE  INDEX "index_bams_on_sim_id" ON "bams" ("sim_id")[0m
  [1m[35mSQL (0.5ms)[0m  [1m[32mINSERT INTO "schema_migrations" ("version") VALUES (?)[0m  [["version", "20171217204041"]]
  [1m[35m (73.5ms)[0m  [1m[36mcommit transaction[0m
Migrating to CreateSmartphones (20171217204641)
  [1m[35m (0.1ms)[0m  [1m[36mbegin transaction[0m
  [1m[35m (1.0ms)[0m  [1m[35mCREATE TABLE "smartphones" ("id" INTEGER PRIMARY KEY AUTOINCREMENT NOT NULL, "model" varchar NOT NULL, "category" varchar NOT NULL, "last_owner" varchar DEFAULT 'first owner' NOT NULL, "imei" text NOT NULL, "price" integer NOT NULL, "type" varchar DEFAULT 'new' NOT NULL, "available" boolean DEFAULT 't' NOT NULL, "last_assign_at" datetime DEFAULT '2017-12-17 23:00:25.232568' NOT NULL, "sim_id" integer, "created_at" datetime NOT NULL, "updated_at" datetime NOT NULL, CONSTRAINT "fk_rails_0bac5a798a"
FOREIGN KEY ("sim_id")
  REFERENCES "sims" ("id")
)[0m
  [1m[35m (0.3ms)[0m  [1m[35mCREATE  INDEX "index_smartphones_on_sim_id" ON "smartphones" ("sim_id")[0m
  [1m[35mSQL (0.5ms)[0m  [1m[32mINSERT INTO "schema_migrations" ("version") VALUES (?)[0m  [["version", "20171217204641"]]
  [1m[35m (73.1ms)[0m  [1m[36mcommit transaction[0m
Migrating to CreateUserRecords (20171217204813)
  [1m[35m (0.1ms)[0m  [1m[36mbegin transaction[0m
  [1m[35m (0.9ms)[0m  [1m[35mCREATE TABLE "user_records" ("id" INTEGER PRIMARY KEY AUTOINCREMENT NOT NULL, "smartphone_id" integer, "sim_id" integer, "bam_id" integer, "user_id" integer, "created_at" datetime NOT NULL, "updated_at" datetime NOT NULL, CONSTRAINT "fk_rails_aff0319b64"
FOREIGN KEY ("smartphone_id")
  REFERENCES "smartphones" ("id")
, CONSTRAINT "fk_rails_d53df9c69c"
FOREIGN KEY ("sim_id")
  REFERENCES "sims" ("id")
, CONSTRAINT "fk_rails_67bb80af19"
FOREIGN KEY ("bam_id")
  REFERENCES "bams" ("id")
, CONSTRAINT "fk_rails_7583ac5f75"
FOREIGN KEY ("user_id")
  REFERENCES "users" ("id")
)[0m
  [1m[35m (0.3ms)[0m  [1m[35mCREATE  INDEX "index_user_records_on_smartphone_id" ON "user_records" ("smartphone_id")[0m
  [1m[35m (0.2ms)[0m  [1m[34m            SELECT sql
            FROM sqlite_master
            WHERE name='index_user_records_on_smartphone_id' AND type='index'
            UNION ALL
            SELECT sql
            FROM sqlite_temp_master
            WHERE name='index_user_records_on_smartphone_id' AND type='index'
[0m
  [1m[35m (0.3ms)[0m  [1m[35mCREATE  INDEX "index_user_records_on_sim_id" ON "user_records" ("sim_id")[0m
  [1m[35m (0.3ms)[0m  [1m[34m            SELECT sql
            FROM sqlite_master
            WHERE name='index_user_records_on_sim_id' AND type='index'
            UNION ALL
            SELECT sql
            FROM sqlite_temp_master
            WHERE name='index_user_records_on_sim_id' AND type='index'
[0m
  [1m[35m (0.2ms)[0m  [1m[34m            SELECT sql
            FROM sqlite_master
            WHERE name='index_user_records_on_smartphone_id' AND type='index'
            UNION ALL
            SELECT sql
            FROM sqlite_temp_master
            WHERE name='index_user_records_on_smartphone_id' AND type='index'
[0m
  [1m[35m (0.3ms)[0m  [1m[35mCREATE  INDEX "index_user_records_on_bam_id" ON "user_records" ("bam_id")[0m
  [1m[35m (0.2ms)[0m  [1m[34m            SELECT sql
            FROM sqlite_master
            WHERE name='index_user_records_on_bam_id' AND type='index'
            UNION ALL
            SELECT sql
            FROM sqlite_temp_master
            WHERE name='index_user_records_on_bam_id' AND type='index'
[0m
  [1m[35m (0.2ms)[0m  [1m[34m            SELECT sql
            FROM sqlite_master
            WHERE name='index_user_records_on_sim_id' AND type='index'
            UNION ALL
            SELECT sql
            FROM sqlite_temp_master
            WHERE name='index_user_records_on_sim_id' AND type='index'
[0m
  [1m[35m (0.2ms)[0m  [1m[34m            SELECT sql
            FROM sqlite_master
            WHERE name='index_user_records_on_smartphone_id' AND type='index'
            UNION ALL
            SELECT sql
            FROM sqlite_temp_master
            WHERE name='index_user_records_on_smartphone_id' AND type='index'
[0m
  [1m[35m (0.3ms)[0m  [1m[35mCREATE  INDEX "index_user_records_on_user_id" ON "user_records" ("user_id")[0m
  [1m[35mSQL (0.4ms)[0m  [1m[32mINSERT INTO "schema_migrations" ("version") VALUES (?)[0m  [["version", "20171217204813"]]
  [1m[35m (81.8ms)[0m  [1m[36mcommit transaction[0m
  [1m[36mActiveRecord::InternalMetadata Load (0.4ms)[0m  [1m[34mSELECT  "ar_internal_metadata".* FROM "ar_internal_metadata" WHERE "ar_internal_metadata"."key" = ? LIMIT ?[0m  [["key", "environment"], ["LIMIT", 1]]
  [1m[35m (0.1ms)[0m  [1m[36mbegin transaction[0m
  [1m[35mSQL (0.7ms)[0m  [1m[32mINSERT INTO "ar_internal_metadata" ("key", "value", "created_at", "updated_at") VALUES (?, ?, ?, ?)[0m  [["key", "environment"], ["value", "development"], ["created_at", "2017-12-17 23:00:25.428868"], ["updated_at", "2017-12-17 23:00:25.428868"]]
  [1m[35m (51.4ms)[0m  [1m[36mcommit transaction[0m
  [1m[35m (0.3ms)[0m  [1m[34mSELECT "schema_migrations"."version" FROM "schema_migrations" ORDER BY "schema_migrations"."version" ASC[0m
  [1m[35m (0.2ms)[0m  [1m[34m            SELECT sql
            FROM sqlite_master
            WHERE name='index_bams_on_sim_id' AND type='index'
            UNION ALL
            SELECT sql
            FROM sqlite_temp_master
            WHERE name='index_bams_on_sim_id' AND type='index'
[0m
  [1m[35m (0.2ms)[0m  [1m[34m            SELECT sql
            FROM sqlite_master
            WHERE name='index_requests_on_user_id' AND type='index'
            UNION ALL
            SELECT sql
            FROM sqlite_temp_master
            WHERE name='index_requests_on_user_id' AND type='index'
[0m
  [1m[35m (0.2ms)[0m  [1m[34m            SELECT sql
            FROM sqlite_master
            WHERE name='index_smartphones_on_sim_id' AND type='index'
            UNION ALL
            SELECT sql
            FROM sqlite_temp_master
            WHERE name='index_smartphones_on_sim_id' AND type='index'
[0m
  [1m[35m (0.1ms)[0m  [1m[34m            SELECT sql
            FROM sqlite_master
            WHERE name='index_user_records_on_user_id' AND type='index'
            UNION ALL
            SELECT sql
            FROM sqlite_temp_master
            WHERE name='index_user_records_on_user_id' AND type='index'
[0m
  [1m[35m (0.1ms)[0m  [1m[34m            SELECT sql
            FROM sqlite_master
            WHERE name='index_user_records_on_bam_id' AND type='index'
            UNION ALL
            SELECT sql
            FROM sqlite_temp_master
            WHERE name='index_user_records_on_bam_id' AND type='index'
[0m
  [1m[35m (0.1ms)[0m  [1m[34m            SELECT sql
            FROM sqlite_master
            WHERE name='index_user_records_on_sim_id' AND type='index'
            UNION ALL
            SELECT sql
            FROM sqlite_temp_master
            WHERE name='index_user_records_on_sim_id' AND type='index'
[0m
  [1m[35m (0.1ms)[0m  [1m[34m            SELECT sql
            FROM sqlite_master
            WHERE name='index_user_records_on_smartphone_id' AND type='index'
            UNION ALL
            SELECT sql
            FROM sqlite_temp_master
            WHERE name='index_user_records_on_smartphone_id' AND type='index'
[0m
